<?xml version="1.0" encoding="UTF-8"?>
<!-- Generated by org.testng.reporters.JUnitXMLReporter -->
<testsuite ignored="17" hostname="Shubhangi" failures="0" tests="17" name="Baseclass" time="166.379" errors="0" timestamp="2023-03-11T13:07:34 IST">
  <testcase classname="testcases.BasicAuthtestcase" name="BasicAuth" time="7.325"/>
  <testcase classname="testcases.Addremoveelementtestcase" name="Addremoveelement" time="16.555"/>
  <testcase classname="testcases.brokenimagetestcase" name="brokenimage" time="7.433"/>
  <testcase classname="testcases.Checkboxestestcase" name="Checkboxes" time="7.904"/>
  <testcase classname="testcases.DigestAuthenticationtestcase" name="DigestAuthentication" time="8.128"/>
  <testcase classname="testcases.Dropdowntestcase" name="Dropdown" time="6.545"/>
  <testcase classname="testcases.Dynamiccontenttestcase" name="Dynamiccontent" time="12.855"/>
  <testcase classname="testcases.Dynamiccontroltestcase" name="Dynamiccontrol" time="18.158"/>
  <testcase classname="testcases.Dynamicloadingtestcase" name="Dynamicloading" time="17.93"/>
  <testcase classname="testcases.Entryadtestcase" name="Entryad" time="6.21"/>
  <testcase classname="testcases.Filedownloadtestcase" name="Filedownloadtestcase" time="3.784"/>
  <testcase classname="testcases.Formauthenticationtestcase" name="Formauthentication" time="6.634"/>
  <testcase classname="testcases.HorizontalSlidertestcase" name="HorizontalSlider" time="4.174"/>
  <testcase classname="testcases.Notificationmessagetestcase" name="DigestAuthentication" time="7.389"/>
  <testcase classname="testcases.Redirectioninktestcase" name="Redirectionlink" time="17.472"/>
  <testcase classname="testcases.Securefiledownloadtestcase" name="Securefiledownload" time="10.085"/>
  <testcase classname="testcases.uploadfiletestcase" name="uploadfile" time="7.418"/>
  <testcase classname="Baseclass.browserlaunch" name="@BeforeSuite base" time="0.0">
    <ignored/>
  </testcase> <!-- @BeforeSuite base -->
  <testcase classname="Baseclass.browserlaunch" name="@BeforeSuite base" time="0.0">
    <ignored/>
  </testcase> <!-- @BeforeSuite base -->
  <testcase classname="Baseclass.browserlaunch" name="@BeforeSuite base" time="0.0">
    <ignored/>
  </testcase> <!-- @BeforeSuite base -->
  <testcase classname="Baseclass.browserlaunch" name="@BeforeSuite base" time="0.0">
    <ignored/>
  </testcase> <!-- @BeforeSuite base -->
  <testcase classname="Baseclass.browserlaunch" name="@BeforeSuite base" time="0.0">
    <ignored/>
  </testcase> <!-- @BeforeSuite base -->
  <testcase classname="Baseclass.browserlaunch" name="@BeforeSuite base" time="0.0">
    <ignored/>
  </testcase> <!-- @BeforeSuite base -->
  <testcase classname="Baseclass.browserlaunch" name="@BeforeSuite base" time="0.0">
    <ignored/>
  </testcase> <!-- @BeforeSuite base -->
  <testcase classname="Baseclass.browserlaunch" name="@BeforeSuite base" time="0.0">
    <ignored/>
  </testcase> <!-- @BeforeSuite base -->
  <testcase classname="Baseclass.browserlaunch" name="@BeforeSuite base" time="0.0">
    <ignored/>
  </testcase> <!-- @BeforeSuite base -->
  <testcase classname="Baseclass.browserlaunch" name="@BeforeSuite base" time="0.0">
    <ignored/>
  </testcase> <!-- @BeforeSuite base -->
  <testcase classname="Baseclass.browserlaunch" name="@BeforeSuite base" time="0.0">
    <ignored/>
  </testcase> <!-- @BeforeSuite base -->
  <testcase classname="Baseclass.browserlaunch" name="@BeforeSuite base" time="0.0">
    <ignored/>
  </testcase> <!-- @BeforeSuite base -->
  <testcase classname="Baseclass.browserlaunch" name="@BeforeSuite base" time="0.0">
    <ignored/>
  </testcase> <!-- @BeforeSuite base -->
  <testcase classname="Baseclass.browserlaunch" name="@BeforeSuite base" time="0.0">
    <ignored/>
  </testcase> <!-- @BeforeSuite base -->
  <testcase classname="Baseclass.browserlaunch" name="@BeforeSuite base" time="0.0">
    <ignored/>
  </testcase> <!-- @BeforeSuite base -->
  <testcase classname="Baseclass.browserlaunch" name="@BeforeSuite base" time="0.0">
    <ignored/>
  </testcase> <!-- @BeforeSuite base -->
  <testcase classname="Baseclass.browserlaunch" name="@BeforeSuite base" time="0.0">
    <ignored/>
  </testcase> <!-- @BeforeSuite base -->
</testsuite> <!-- Baseclass -->
